INFO:root:Posted: 2260     To: ['@bfel10']
INFO:root:Posted: 2261     To: ['@Tom_Peak']
INFO:root:Posted: 2262     To: ['@hamza8321']
INFO:root:Posted: 2263     To: ['@PegLegs_Picks']
INFO:root:Posted: 2264     To: ['@davidcutler']
INFO:root:Posted: 2265     To: ['@hakan_nft']
INFO:root:Posted: 2266     To: ['@chinshil1a']
INFO:root:Posted: 2267     To: ['@DanielG00569354']
INFO:root:Posted: 2268     To: ['@NotJaMorant']
INFO:root:Posted: 2269     To: ['@anthony_licalzi']
INFO:root:Posted: 2270     To: ['@justicecasteel']
INFO:root:Posted: 2271     To: ['@DillonNFT_']
INFO:root:Posted: 2272     To: ['@YaffAttack']
INFO:root:Posted: 2273     To: ['@JeremiahMcFeron']
INFO:root:Posted: 2274     To: ['@JodiFostersArmy']
INFO:root:Posted: 2275     To: ['@jimmyrapswell']
INFO:root:Posted: 2276     To: ['@TSLA_LUL']
INFO:root:Posted: 2277     To: ['@lv_dee']
INFO:root:Posted: 2278     To: ['@WestGGirl73']
INFO:root:Posted: 2279     To: ['@pinny42']
INFO:root:Posted: 2280     To: ['@Jonatha17478562']
INFO:root:Posted: 2281     To: ['@achacon223']
INFO:root:Posted: 2282     To: ['@CARLOSARUIZ8']
INFO:root:Posted: 2283     To: ['@OG_JoedyBreeze']
INFO:root:Posted: 2284     To: ['@ian_w22']
INFO:root:Posted: 2285     To: ['@leeturnz']
INFO:root:Posted: 2286     To: ['@WEICHEWENG1']
INFO:root:Posted: 2287     To: ['@grabachaire']
INFO:root:Posted: 2288     To: ['@houseoftoobies']
INFO:root:Posted: 2289     To: ['@AFCkris']
INFO:root:Posted: 2290     To: ['@Zosoraba']
INFO:root:Posted: 2291     To: ['@OnTheBlock09']
INFO:root:Posted: 2292     To: ['@Jake21921847']
INFO:root:Posted: 2293     To: ['@TheChuchador']
INFO:root:Posted: 2294     To: ['@J_Kn0wles']
INFO:root:Posted: 2295     To: ['@mistertail']
INFO:root:Posted: 2296     To: ['@DopePhoto']
INFO:root:Posted: 2297     To: ['@bearsmte']
INFO:root:Posted: 2298     To: ['@kost_138']
INFO:root:Posted: 2299     To: ['@cme528']
INFO:root:Posted: 2300     To: ['@tknibbs']
INFO:root:Posted: 2301     To: ['@cboals']
INFO:root:Posted: 2302     To: ['@AlienapeYCeth']
INFO:root:Posted: 2303     To: ['@m00nx20']
INFO:root:Posted: 2304     To: ['@Luskey']
INFO:root:Posted: 2305     To: ['@Citizen_Thorby']
INFO:root:Posted: 2306     To: ['@ffvndi']
INFO:root:Posted: 2307     To: ['@fraserstamand']
INFO:root:Posted: 2308     To: ['@RescindedRed']
INFO:root:Posted: 2309     To: ['@officialeli_md']
INFO:root:Posted: 2310     To: ['@csr3221']
INFO:root:Posted: 2311     To: ['@AnthonyTitialii']
INFO:root:Posted: 2312     To: ['@NickTesla420']
INFO:root:Posted: 2313     To: ['@WesM59442072']
INFO:root:Posted: 2314     To: ['@oosterl1']
INFO:root:Posted: 2315     To: ['@gomayk']
INFO:root:Posted: 2316     To: ['@OfficialLiamT']
INFO:root:Posted: 2317     To: ['@John_Ianniello']
INFO:root:Posted: 2318     To: ['@PhilofAustin']
INFO:root:Posted: 2319     To: ['@topshotfreak']
INFO:root:Posted: 2320     To: ['@kyle_arrow']
INFO:root:Posted: 2321     To: ['@cryptocev']
INFO:root:Posted: 2322     To: ['@connect_fintech']
INFO:root:Posted: 2323     To: ['@GABRIEL_HDTF']
INFO:root:Posted: 2324     To: ['@andreww_eth']
INFO:root:Posted: 2325     To: ['@CarlosEnHerrero']
INFO:root:Posted: 2326     To: ['@TekillaPapi']
INFO:root:Posted: 2327     To: ['@NFTsWorks4Me']
INFO:root:Posted: 2328     To: ['@totokey88']
INFO:root:Posted: 2329     To: ['@miopolomio']
INFO:root:Posted: 2330     To: ['@yy12314887730']
INFO:root:Posted: 2331     To: ['@BiNGO0OO0']
INFO:root:Posted: 2332     To: ['@emirkrnzz']
INFO:root:Posted: 2333     To: ['@scagnetty']
INFO:root:Posted: 2334     To: ['@ShaunG_REALTOR']
INFO:root:Posted: 2335     To: ['@JamesSt10262465']
INFO:root:Posted: 2336     To: ['@calbear98sf']
INFO:root:Posted: 2337     To: ['@riat8']
INFO:root:Posted: 2338     To: ['@sanderson7676']
INFO:root:Posted: 2339     To: ['@emred1231']
INFO:root:Posted: 2340     To: ['@realpetejohnso']
INFO:root:Posted: 2341     To: ['@RTtheMarty']
INFO:root:Posted: 2342     To: ['@Rangers_Futbol']
INFO:root:Posted: 2343     To: ['@CYBER0NN']
INFO:root:Posted: 2344     To: ['@agiraffeonwater']
INFO:root:Posted: 2345     To: ['@glorious_man12']
INFO:root:Posted: 2346     To: ['@Don_Ghoul']
INFO:root:Posted: 2347     To: ['@hadicurtay']
INFO:root:Posted: 2348     To: ['@mcnsvr_']
INFO:root:Posted: 2349     To: ['@EK40435851']
INFO:root:Posted: 2350     To: ['@ByrdsBurner']
INFO:root:Posted: 2351     To: ['@ChloeCondo1']
INFO:root:Posted: 2352     To: ['@BrooksBuckets']
INFO:root:Posted: 2353     To: ['@4pointplayy']
INFO:root:Posted: 2354     To: ['@Blackmambayade']
INFO:root:Posted: 2355     To: ['@tansteven14']
INFO:root:Posted: 2356     To: ['@smartsportsguy']
INFO:root:Posted: 2357     To: ['@jhgbjkib']
INFO:root:Posted: 2358     To: ['@ubcbsGokfj8PUrw']
INFO:root:Posted: 2359     To: ['@8Timmmmy']
INFO:root:Posted: 2360     To: ['@ronaldinko97']
INFO:root:Posted: 2361     To: ['@MullaneyJr']
INFO:root:Posted: 2362     To: ['@CREME_NZ']
INFO:root:Posted: 2363     To: ['@gorkemyilldiz']
INFO:root:Posted: 2364     To: ['@bitt199']
INFO:root:Posted: 2365     To: ['@lidaxia25149541']
INFO:root:Posted: 2366     To: ['@materhol']
INFO:root:Posted: 2367     To: ['@vascofcv']
INFO:root:Posted: 2368     To: ['@6ix_geo']
INFO:root:Posted: 2369     To: ['@nightofthebread']
INFO:root:Posted: 2370     To: ['@KaiDanCon']
INFO:root:Posted: 2371     To: ['@James_fitz1']
INFO:root:Posted: 2372     To: ['@Carl_Rogers_']
INFO:root:Posted: 2373     To: ['@tommyguuun45']
INFO:root:Posted: 2374     To: ['@coolcatjamz']
INFO:root:Posted: 2375     To: ['@TheBrownshaD']
INFO:root:Posted: 2376     To: ['@MarkRubinov']
INFO:root:Posted: 2377     To: ['@tinti_danilo']
INFO:root:Posted: 2378     To: ['@Kobe_Dao']
INFO:root:Posted: 2379     To: ['@MickSzkwarek']
INFO:root:Posted: 2380     To: ['@youngmula2304']
INFO:root:Posted: 2381     To: ['@Rencha88']
INFO:root:Posted: 2382     To: ['@AfterdarkMrk']
INFO:root:Posted: 2383     To: ['@dch19kETH']
INFO:root:Posted: 2384     To: ['@binggan555']
INFO:root:Posted: 2385     To: ['@AeronMarriott']
INFO:root:Posted: 2386     To: ['@ByronMak1']
INFO:root:Posted: 2387     To: ['@paul01389']
INFO:root:Posted: 2388     To: ['@Blablablabirsey']
INFO:root:Posted: 2389     To: ['@TheDJDeRome']
INFO:root:Posted: 2390     To: ['@william_tije']
INFO:root:Posted: 2391     To: ['@deseanxy']
INFO:root:Posted: 2392     To: ['@ayeeproo']
INFO:root:Posted: 2393     To: ['@HeroesStanding']
INFO:root:Posted: 2394     To: ['@SongofStorme']
INFO:root:Posted: 2395     To: ['@ZeeOnlyGoat']
INFO:root:Posted: 2396     To: ['@_mrbuddhu_']
INFO:root:Posted: 2397     To: ['@PaltridgeL']
INFO:root:Posted: 2398     To: ['@allenman12']
INFO:root:Posted: 2399     To: ['@jeffcheungdc']
INFO:root:Posted: 2400     To: ['@jwbouch5']
INFO:root:Posted: 2401     To: ['@muffincups5']
INFO:root:Posted: 2402     To: ['@EysaNie']
INFO:root:Posted: 2403     To: ['@MountainFaithO1']
INFO:root:Posted: 2404     To: ['@hhhkhghhn']
INFO:root:Posted: 2405     To: ['@zara_shiloh']
INFO:root:Posted: 2406     To: ['@MrLoz']
INFO:root:Posted: 2407     To: ['@EchoGenesis3']
INFO:root:Posted: 2408     To: ['@13Valera00']
INFO:root:Posted: 2409     To: ['@tut_getcrypto']
INFO:root:Posted: 2410     To: ['@zloiboi1']
INFO:root:Posted: 2411     To: ['@VuduChief']
INFO:root:Posted: 2412     To: ['@CiroTheMugiwara']
INFO:root:Posted: 2413     To: ['@jj13604991']
INFO:root:Posted: 2414     To: ['@xohvictory']
INFO:root:Posted: 2415     To: ['@kurt_sorensen']
INFO:root:Posted: 2416     To: ['@JakeAlexzander']
INFO:root:Posted: 2417     To: ['@4Y6tS8ElCmrjJHG']
INFO:root:Posted: 2418     To: ['@Phoenix1Suns']
INFO:root:Posted: 2419     To: ['@djezmoneyman']
INFO:root:Posted: 2420     To: ['@MenningerRick']
INFO:root:Posted: 2421     To: ['@olweistired']
INFO:root:Posted: 2422     To: ['@Rohns21']
INFO:root:Posted: 2423     To: ['@CrowCausedChaos']
INFO:root:Posted: 2424     To: ['@HasancanMUMCU']
INFO:root:Posted: 2425     To: ['@biasedblues']
INFO:root:Posted: 2426     To: ['@xDannyGunz']
INFO:root:Posted: 2427     To: ['@sanzolome']
INFO:root:Posted: 2428     To: ['@KyleSinopoli']
INFO:root:Posted: 2429     To: ['@dabbleryan']
INFO:root:Posted: 2430     To: ['@CHN666Wanghanmo']
INFO:root:Posted: 2431     To: ['@Lordbien01']
INFO:root:Posted: 2432     To: ['@cjbb2021']
INFO:root:Posted: 2433     To: ['@Jack46078817']
INFO:root:Posted: 2434     To: ['@TClay36']
INFO:root:Posted: 2435     To: ['@PJNugg']
INFO:root:Posted: 2436     To: ['@El_Baller_NFT']
INFO:root:Posted: 2437     To: ['@babyai07']
INFO:root:Posted: 2438     To: ['@lilwinnwinn']
INFO:root:Posted: 2439     To: ['@shanlin50237940']
INFO:root:Posted: 2440     To: ['@cubefish420']
INFO:root:Posted: 2441     To: ['@kodeenucks604_']
INFO:root:Posted: 2442     To: ['@plneron']
INFO:root:Posted: 2443     To: ['@candsweet70']
INFO:root:Posted: 2444     To: ['@RyanSmilez3']
INFO:root:Posted: 2445     To: ['@WY59861928']
INFO:root:Posted: 2446     To: ['@acampbell2017']
INFO:root:Posted: 2447     To: ['@yvonnej41']
INFO:root:Posted: 2448     To: ['@ChrisMorganWA']
INFO:root:Posted: 2449     To: ['@cyge_aligarbes']
INFO:root:Posted: 2450     To: ['@fitzgarcia_']
INFO:root:Posted: 2451     To: ['@Elias_Stevenson']
INFO:root:Posted: 2452     To: ['@AllgoodNFTs']
INFO:root:Posted: 2453     To: ['@JRiekse']
INFO:root:Posted: 2454     To: ['@Elijah7LSMRP']
INFO:root:Posted: 2455     To: ['@SlueFoot3']
INFO:root:Posted: 2456     To: ['@333_Rich']
INFO:root:Posted: 2457     To: ['@co_monaghan']
INFO:root:Posted: 2458     To: ['@KI3SOW11']
INFO:root:Posted: 2459     To: ['@jasonahardi']
INFO:root:Posted: 2460     To: ['@Gregslist13']
INFO:root:Posted: 2461     To: ['@hbknb_nft']
INFO:root:Posted: 2462     To: ['@Outlonian']
INFO:root:Posted: 2463     To: ['@birdmanDNB']
INFO:root:Posted: 2464     To: ['@mrr_joe1']
INFO:root:Posted: 2465     To: ['@AlexFonseca301']
INFO:root:Posted: 2466     To: ['@shumpA2cincy']
INFO:root:Posted: 2467     To: ['@to_nino96']
INFO:root:Posted: 2468     To: ['@ryancasha1']
INFO:root:Posted: 2469     To: ['@reynoldsjohn723']
INFO:root:Posted: 2470     To: ['@sewon1981']
INFO:root:Posted: 2471     To: ['@zachattack801']
INFO:root:Posted: 2472     To: ['@CLEcollector']
INFO:root:Posted: 2473     To: ['@GLOTTOO']
INFO:root:Posted: 2474     To: ['@arsn_mrl']
INFO:root:Posted: 2475     To: ['@MikeLukePG']
INFO:root:Posted: 2476     To: ['@Sn1zzy']
INFO:root:Posted: 2477     To: ['@DavidKo64621586']
INFO:root:Posted: 2478     To: ['@Tyvez_W']
INFO:root:Posted: 2479     To: ['@cryptribune']
INFO:root:Posted: 2480     To: ['@Gachaponking']
INFO:root:Posted: 2481     To: ['@Karanjot_C']
INFO:root:Posted: 2482     To: ['@ChrisBillam']
INFO:root:Posted: 2483     To: ['@MPdigitalnfts']
INFO:root:Posted: 2484     To: ['@elvinfigueroa23']
INFO:root:Posted: 2485     To: ['@ZeynepArslanbuk']
INFO:root:Posted: 2486     To: ['@FyaSole21']
INFO:root:Posted: 2487     To: ['@FyaSole21']
INFO:root:Posted: 2488     To: ['@CandyCornCrypto']
INFO:root:Posted: 2489     To: ['@trevf_18']
INFO:root:Posted: 2490     To: ['@asiancowboy23']
INFO:root:Posted: 2491     To: ['@loganonapples']
INFO:root:Posted: 2492     To: ['@bobmoss99959559']
INFO:root:Posted: 2493     To: ['@_CasualSports']
INFO:root:Posted: 2494     To: ['@Cvictoriafgmai1']
INFO:root:Posted: 2495     To: ['@belinayildiz']
INFO:root:Posted: 2496     To: ['@_cryptotc']
INFO:root:Posted: 2497     To: ['@AgullaMarcos']
INFO:root:Posted: 2498     To: ['@DGangelen']
INFO:root:Posted: 2499     To: ['@jhernandez23888']
INFO:root:Posted: 2500     To: ['@anfhony_']
INFO:root:Posted: 2501     To: ['@jacks897_']
INFO:root:Posted: 2502     To: ['@MatthewTuzi']
INFO:root:Posted: 2503     To: ['@solcollector22']
INFO:root:Posted: 2504     To: ['@MerveeSayarr']
INFO:root:Posted: 2505     To: ['@FYB_Forty']
INFO:root:Posted: 2506     To: ['@SavasDe33510549']
INFO:root:Posted: 2507     To: ['@xPUERTOROCx']
INFO:root:Posted: 2508     To: ['@Isbak13']
INFO:root:Posted: 2509     To: ['@B_Bloom20']
INFO:root:Posted: 2510     To: ['@richard48915439']
INFO:root:Posted: 2511     To: ['@Tyrellcrosby']
INFO:root:Posted: 2512     To: ['@theycallmemelo']
INFO:root:Posted: 2513     To: ['@Felix58963431']
INFO:root:Posted: 2514     To: ['@LILICzCz']
INFO:root:Posted: 2515     To: ['@Kevin55529608']
INFO:root:Posted: 2516     To: ['@SuperBird1000']
INFO:root:Posted: 2517     To: ['@AndriusPanama']
INFO:root:Posted: 2518     To: ['@ShaneShamoon']
INFO:root:Posted: 2519     To: ['@leomintu']
INFO:root:Posted: 2520     To: ['@Darrel_Wu']
INFO:root:Posted: 2521     To: ['@RadoslovicT']
INFO:root:Posted: 2522     To: ['@RyanTay73773226']
INFO:root:Posted: 2523     To: ['@MatthewGLyall']
INFO:root:Posted: 2524     To: ['@MisterPenumbra']
INFO:root:Posted: 2525     To: ['@DextersTheName']
INFO:root:Posted: 2526     To: ['@alexander_kubel']
INFO:root:Posted: 2527     To: ['@nbaiswavyaf']
INFO:root:Posted: 2528     To: ['@DillonFox_']
INFO:root:Posted: 2529     To: ['@KingPremo27']
INFO:root:Posted: 2530     To: ['@booma_carroll']
INFO:root:Posted: 2531     To: ['@RomanGladko']
INFO:root:Posted: 2532     To: ['@Albertb2007']
INFO:root:Posted: 2533     To: ['@KRYPTOJOEYO']
INFO:root:Posted: 2534     To: ['@NY_Kid18']
INFO:root:Posted: 2535     To: ['@SydMarketsStuff']
INFO:root:Posted: 2536     To: ['@akpinara96']
INFO:root:Posted: 2537     To: ['@Drent3923885']
INFO:root:Posted: 2538     To: ['@ThomasKoval']
INFO:root:Posted: 2539     To: ['@JumpRockJ']
INFO:root:Posted: 2540     To: ['@N_P0807']
INFO:root:Posted: 2541     To: ['@leotheApegawd']
INFO:root:Posted: 2542     To: ['@alexaaa_ndra']
INFO:root:Posted: 2543     To: ['@AwesomleeAshley']
INFO:root:Posted: 2544     To: ['@AwesomleeAshley']
INFO:root:Posted: 2545     To: ['@FanNewsBrews']
INFO:root:Posted: 2546     To: ['@Antisocial_yg']
INFO:root:Posted: 2547     To: ['@NFTek_news']
INFO:root:Posted: 2548     To: ['@hnabill95']
INFO:root:Posted: 2549     To: ['@8Canthandlethis']
INFO:root:Posted: 2550     To: ['@TheGamblingMink']
INFO:root:Posted: 2551     To: ['@okuyucuemre34']
INFO:root:Posted: 2552     To: ['@Dpclark37']
INFO:root:Posted: 2553     To: ['@AndyZho80418452']
INFO:root:Posted: 2554     To: ['@FrankDutch3']
INFO:root:Posted: 2555     To: ['@Uncle2Drew2']
INFO:root:Posted: 2556     To: ['@JewelrybyKloey']
INFO:root:Posted: 2557     To: ['@JackRising3']
INFO:root:Posted: 2558     To: ['@Ari0Mc']
INFO:root:Posted: 2559     To: ['@ManInBlackHole']
INFO:root:Posted: 2560     To: ['@clome_']
INFO:root:Posted: 2561     To: ['@fuckinfarfar']
INFO:root:Posted: 2562     To: ['@TsuNamiiPro']
INFO:root:Posted: 2260     To: ['@bfel10']
INFO:root:Posted: 2261     To: ['@Tom_Peak']
INFO:root:Posted: 2262     To: ['@hamza8321']
INFO:root:Posted: 2263     To: ['@PegLegs_Picks']
INFO:root:Posted: 2264     To: ['@davidcutler']
INFO:root:Posted: 2265     To: ['@hakan_nft']
INFO:root:Posted: 2266     To: ['@chinshil1a']
INFO:root:Posted: 2267     To: ['@DanielG00569354']
INFO:root:Posted: 2268     To: ['@NotJaMorant']
INFO:root:Posted: 2269     To: ['@anthony_licalzi']
INFO:root:Posted: 2270     To: ['@justicecasteel']
INFO:root:Posted: 2271     To: ['@DillonNFT_']
INFO:root:Posted: 2272     To: ['@YaffAttack']
INFO:root:Posted: 2273     To: ['@JeremiahMcFeron']
INFO:root:Posted: 2274     To: ['@JodiFostersArmy']
INFO:root:Posted: 2275     To: ['@jimmyrapswell']
INFO:root:Posted: 2276     To: ['@TSLA_LUL']
INFO:root:Posted: 2277     To: ['@lv_dee']
INFO:root:Posted: 2278     To: ['@WestGGirl73']
INFO:root:Posted: 2279     To: ['@pinny42']
INFO:root:Posted: 2280     To: ['@Jonatha17478562']
INFO:root:Posted: 2281     To: ['@achacon223']
INFO:root:Posted: 2282     To: ['@CARLOSARUIZ8']
INFO:root:Posted: 2283     To: ['@OG_JoedyBreeze']
INFO:root:Posted: 2284     To: ['@ian_w22']
